[01Dec2024 00:00:34.593] [Worker-Main-16/WARN] [net.minecraft.server.level.WorldGenRegion/]: Tried to access a block entity before it was created. BlockPos{x=-9, y=39, z=703}
[01Dec2024 00:00:34.595] [Worker-Main-16/ERROR] [Dungeon Crawl/]: Failed to fetch a mob spawner at (-9, 39, 703)
[01Dec2024 00:00:34.596] [Worker-Main-16/WARN] [net.minecraft.server.level.WorldGenRegion/]: Tried to access a block entity before it was created. BlockPos{x=-9, y=39, z=703}
[01Dec2024 00:00:34.599] [Worker-Main-16/WARN] [net.minecraft.server.level.WorldGenRegion/]: Tried to access a block entity before it was created. BlockPos{x=-4, y=39, z=703}
[01Dec2024 00:00:34.599] [Worker-Main-16/WARN] [net.minecraft.server.level.WorldGenRegion/]: Tried to access a block entity before it was created. BlockPos{x=-4, y=39, z=703}
[01Dec2024 00:00:45.742] [Worker-Main-16/WARN] [net.minecraft.server.level.WorldGenRegion/]: Tried to access a block entity before it was created. BlockPos{x=-31, y=-42, z=646}
[01Dec2024 00:00:45.742] [Worker-Main-16/WARN] [net.minecraft.server.level.WorldGenRegion/]: Tried to access a block entity before it was created. BlockPos{x=-31, y=-42, z=646}
[01Dec2024 00:00:45.743] [Worker-Main-16/WARN] [net.minecraft.server.level.WorldGenRegion/]: Tried to access a block entity before it was created. BlockPos{x=-31, y=-42, z=646}
[01Dec2024 00:01:47.546] [Server thread/ERROR] [net.minecraft.Util/]: POI data mismatch: already registered at BlockPos{x=79, y=-9, z=799}
[01Dec2024 00:16:00.195] [Server thread/WARN] [net.minecraft.server.MinecraftServer/]: Can't keep up! Is the server overloaded? Running 2995ms or 59 ticks behind
[01Dec2024 00:16:17.825] [Server thread/WARN] [net.minecraft.server.MinecraftServer/]: Can't keep up! Is the server overloaded? Running 2675ms or 53 ticks behind
[01Dec2024 00:18:17.650] [Server thread/ERROR] [net.minecraft.Util/]: POI data mismatch: already registered at BlockPos{x=559, y=-2, z=-287}
[01Dec2024 00:35:52.375] [Server thread/INFO] [net.minecraft.server.MinecraftServer/]: AbrahamUps was blown up by Creeper
[01Dec2024 00:41:39.266] [Server thread/INFO] [net.minecraft.server.network.ServerGamePacketListenerImpl/]: AbrahamUps lost connection: Disconnected
[01Dec2024 00:41:39.267] [Server thread/INFO] [net.minecraft.server.MinecraftServer/]: AbrahamUps left the game
[01Dec2024 00:41:52.065] [Server thread/INFO] [net.minecraft.server.MinecraftServer/]: Stopping the server
[01Dec2024 00:41:52.100] [Server thread/INFO] [net.minecraft.server.MinecraftServer/]: Stopping server
[01Dec2024 00:41:52.101] [Server thread/INFO] [net.minecraft.server.MinecraftServer/]: Saving players
[01Dec2024 00:41:52.101] [Server thread/INFO] [net.minecraft.server.MinecraftServer/]: Saving worlds
[01Dec2024 00:41:52.183] [Server thread/INFO] [net.minecraft.server.MinecraftServer/]: Saving chunks for level 'ServerLevel[world]'/minecraft:overworld
[01Dec2024 00:41:52.360] [Server thread/INFO] [net.minecraft.server.MinecraftServer/]: Saving chunks for level 'ServerLevel[world]'/twilightforest:twilight_forest
[01Dec2024 00:41:52.362] [Server thread/INFO] [net.minecraft.server.MinecraftServer/]: Saving chunks for level 'ServerLevel[world]'/minecraft:the_nether
[01Dec2024 00:41:52.362] [Server thread/INFO] [net.minecraft.server.MinecraftServer/]: Saving chunks for level 'ServerLevel[world]'/deeperdarker:otherside
[01Dec2024 00:41:52.363] [Server thread/INFO] [net.minecraft.server.MinecraftServer/]: Saving chunks for level 'ServerLevel[world]'/graveyard:past
[01Dec2024 00:41:52.364] [Server thread/INFO] [net.minecraft.server.MinecraftServer/]: Saving chunks for level 'ServerLevel[world]'/minecraft:the_end
[01Dec2024 00:41:52.594] [Server thread/INFO] [net.minecraft.server.MinecraftServer/]: ThreadedAnvilChunkStorage (world): All chunks are saved
[01Dec2024 00:41:52.594] [Server thread/INFO] [net.minecraft.server.MinecraftServer/]: ThreadedAnvilChunkStorage (twilight_forest): All chunks are saved
[01Dec2024 00:41:52.594] [Server thread/INFO] [net.minecraft.server.MinecraftServer/]: ThreadedAnvilChunkStorage (DIM-1): All chunks are saved
[01Dec2024 00:41:52.594] [Server thread/INFO] [net.minecraft.server.MinecraftServer/]: ThreadedAnvilChunkStorage (otherside): All chunks are saved
[01Dec2024 00:41:52.595] [Server thread/INFO] [net.minecraft.server.MinecraftServer/]: ThreadedAnvilChunkStorage (past): All chunks are saved
[01Dec2024 00:41:52.595] [Server thread/INFO] [net.minecraft.server.MinecraftServer/]: ThreadedAnvilChunkStorage (DIM1): All chunks are saved
[01Dec2024 00:41:52.595] [Server thread/INFO] [net.minecraft.server.MinecraftServer/]: ThreadedAnvilChunkStorage: All dimensions are saved
[01Dec2024 00:41:52.634] [Server thread/INFO] [Framework/]: Unloading server configs...
[01Dec2024 00:41:52.635] [Server thread/INFO] [Framework/]: Sending config unload event for goblintraders-entities.toml
[01Dec2024 00:41:52.637] [Server thread/INFO] [journeymap/]: Loading JourneyMap Forge Configs
